  Game.cpp
C:\Users\vaibh\Documents\git\ggp-hws\Camera\Game.cpp(323,35): warning C4267: 'initializing': conversion from 'size_t' to 'int', possible loss of data
C:\Users\vaibh\Documents\git\ggp-hws\Camera\Game.cpp(323,22): warning C4267: 'initializing': conversion from 'size_t' to 'const int', possible loss of data
C:\Users\vaibh\Documents\git\ggp-hws\Camera\Game.cpp(335,47): warning C4305: 'argument': truncation from 'double' to 'float'
C:\Users\vaibh\Documents\git\ggp-hws\Camera\Game.cpp(335,42): warning C4305: 'argument': truncation from 'double' to 'float'
C:\Users\vaibh\Documents\git\ggp-hws\Camera\Game.cpp(335,37): warning C4305: 'argument': truncation from 'double' to 'float'
C:\Users\vaibh\Documents\git\ggp-hws\Camera\Game.cpp(337,48): warning C4305: 'argument': truncation from 'double' to 'float'
C:\Users\vaibh\Documents\git\ggp-hws\Camera\Game.cpp(489,22): warning C4244: 'argument': conversion from 'double' to 'float', possible loss of data
C:\Program Files\Microsoft Visual Studio\2022\Community\VC\Tools\MSVC\14.44.35207\include\xutility(462,85): warning C4244: 'argument': conversion from '_Ty' to 'float', possible loss of data
C:\Program Files\Microsoft Visual Studio\2022\Community\VC\Tools\MSVC\14.44.35207\include\xutility(462,85): warning C4244:         with
C:\Program Files\Microsoft Visual Studio\2022\Community\VC\Tools\MSVC\14.44.35207\include\xutility(462,85): warning C4244:         [
C:\Program Files\Microsoft Visual Studio\2022\Community\VC\Tools\MSVC\14.44.35207\include\xutility(462,85): warning C4244:             _Ty=int
C:\Program Files\Microsoft Visual Studio\2022\Community\VC\Tools\MSVC\14.44.35207\include\xutility(462,85): warning C4244:         ]
  (compiling source file 'Game.cpp')
      C:\Program Files\Microsoft Visual Studio\2022\Community\VC\Tools\MSVC\14.44.35207\include\xutility(462,85):
      the template instantiation context (the oldest one first) is
          C:\Users\vaibh\Documents\git\ggp-hws\Camera\Game.cpp(92,16):
          see reference to function template instantiation 'std::shared_ptr<Camera> std::make_shared<Camera,float,DirectX::XMFLOAT3,const float&,double,int,float,float,bool>(float &&,DirectX::XMFLOAT3 &&,const float &,double &&,int &&,float &&,float &&,bool &&)' being compiled
          C:\Program Files\Microsoft Visual Studio\2022\Community\VC\Tools\MSVC\14.44.35207\include\memory(2913,46):
          see reference to function template instantiation 'std::_Ref_count_obj2<Camera>::_Ref_count_obj2<_Ty,DirectX::XMFLOAT3,const float&,double,int,_Ty,_Ty,bool>(_Ty &&,DirectX::XMFLOAT3 &&,const float &,double &&,int &&,_Ty &&,_Ty &&,bool &&)' being compiled
          with
          [
              _Ty=float
          ]
          C:\Program Files\Microsoft Visual Studio\2022\Community\VC\Tools\MSVC\14.44.35207\include\memory(2100,18):
          see reference to function template instantiation 'void std::_Construct_in_place<_Ty,float,DirectX::XMFLOAT3,const float&,double,int,float,float,bool>(_Ty &,float &&,DirectX::XMFLOAT3 &&,const float &,double &&,int &&,float &&,float &&,bool &&) noexcept(false)' being compiled
          with
          [
              _Ty=Camera
          ]
          C:\Program Files\Microsoft Visual Studio\2022\Community\VC\Tools\MSVC\14.44.35207\include\xutility(472,14):
          see reference to function template instantiation '_Ty *std::construct_at<_Ty,float,DirectX::XMFLOAT3,const float&,double,int,float,float,bool>(_Ty *const ,float &&,DirectX::XMFLOAT3 &&,const float &,double &&,int &&,float &&,float &&,bool &&) noexcept(<expr>)' being compiled
          with
          [
              _Ty=Camera
          ]
  
C:\Program Files\Microsoft Visual Studio\2022\Community\VC\Tools\MSVC\14.44.35207\include\xutility(462,85): warning C4244: 'argument': conversion from '_Ty' to 'float', possible loss of data
C:\Program Files\Microsoft Visual Studio\2022\Community\VC\Tools\MSVC\14.44.35207\include\xutility(462,85): warning C4244:         with
C:\Program Files\Microsoft Visual Studio\2022\Community\VC\Tools\MSVC\14.44.35207\include\xutility(462,85): warning C4244:         [
C:\Program Files\Microsoft Visual Studio\2022\Community\VC\Tools\MSVC\14.44.35207\include\xutility(462,85): warning C4244:             _Ty=double
C:\Program Files\Microsoft Visual Studio\2022\Community\VC\Tools\MSVC\14.44.35207\include\xutility(462,85): warning C4244:         ]
  (compiling source file 'Game.cpp')
  
C:\Program Files\Microsoft Visual Studio\2022\Community\VC\Tools\MSVC\14.44.35207\include\xutility(476,82): warning C4244: 'argument': conversion from '_Ty' to 'float', possible loss of data
C:\Program Files\Microsoft Visual Studio\2022\Community\VC\Tools\MSVC\14.44.35207\include\xutility(476,82): warning C4244:         with
C:\Program Files\Microsoft Visual Studio\2022\Community\VC\Tools\MSVC\14.44.35207\include\xutility(476,82): warning C4244:         [
C:\Program Files\Microsoft Visual Studio\2022\Community\VC\Tools\MSVC\14.44.35207\include\xutility(476,82): warning C4244:             _Ty=int
C:\Program Files\Microsoft Visual Studio\2022\Community\VC\Tools\MSVC\14.44.35207\include\xutility(476,82): warning C4244:         ]
  (compiling source file 'Game.cpp')
  
C:\Program Files\Microsoft Visual Studio\2022\Community\VC\Tools\MSVC\14.44.35207\include\xutility(476,82): warning C4244: 'argument': conversion from '_Ty' to 'float', possible loss of data
C:\Program Files\Microsoft Visual Studio\2022\Community\VC\Tools\MSVC\14.44.35207\include\xutility(476,82): warning C4244:         with
C:\Program Files\Microsoft Visual Studio\2022\Community\VC\Tools\MSVC\14.44.35207\include\xutility(476,82): warning C4244:         [
C:\Program Files\Microsoft Visual Studio\2022\Community\VC\Tools\MSVC\14.44.35207\include\xutility(476,82): warning C4244:             _Ty=double
C:\Program Files\Microsoft Visual Studio\2022\Community\VC\Tools\MSVC\14.44.35207\include\xutility(476,82): warning C4244:         ]
  (compiling source file 'Game.cpp')
  
C:\Program Files\Microsoft Visual Studio\2022\Community\VC\Tools\MSVC\14.44.35207\include\xutility(463,90): warning C4244: 'argument': conversion from '_Ty' to 'float', possible loss of data
C:\Program Files\Microsoft Visual Studio\2022\Community\VC\Tools\MSVC\14.44.35207\include\xutility(463,90): warning C4244:         with
C:\Program Files\Microsoft Visual Studio\2022\Community\VC\Tools\MSVC\14.44.35207\include\xutility(463,90): warning C4244:         [
C:\Program Files\Microsoft Visual Studio\2022\Community\VC\Tools\MSVC\14.44.35207\include\xutility(463,90): warning C4244:             _Ty=int
C:\Program Files\Microsoft Visual Studio\2022\Community\VC\Tools\MSVC\14.44.35207\include\xutility(463,90): warning C4244:         ]
  (compiling source file 'Game.cpp')
      C:\Program Files\Microsoft Visual Studio\2022\Community\VC\Tools\MSVC\14.44.35207\include\xutility(463,90):
      the template instantiation context (the oldest one first) is
          C:\Program Files\Microsoft Visual Studio\2022\Community\VC\Tools\MSVC\14.44.35207\include\memory(2100,18):
          see reference to function template instantiation 'void std::_Construct_in_place<_Ty,float,DirectX::XMFLOAT3,const float&,double,int,float,float,bool>(_Ty &,float &&,DirectX::XMFLOAT3 &&,const float &,double &&,int &&,float &&,float &&,bool &&) noexcept(false)' being compiled
          with
          [
              _Ty=Camera
          ]
          C:\Program Files\Microsoft Visual Studio\2022\Community\VC\Tools\MSVC\14.44.35207\include\xutility(472,14):
          see reference to function template instantiation '_Ty *std::construct_at<_Ty,float,DirectX::XMFLOAT3,const float&,double,int,float,float,bool>(_Ty *const ,float &&,DirectX::XMFLOAT3 &&,const float &,double &&,int &&,float &&,float &&,bool &&) noexcept(false)' being compiled
          with
          [
              _Ty=Camera
          ]
  
C:\Program Files\Microsoft Visual Studio\2022\Community\VC\Tools\MSVC\14.44.35207\include\xutility(463,90): warning C4244: 'argument': conversion from '_Ty' to 'float', possible loss of data
C:\Program Files\Microsoft Visual Studio\2022\Community\VC\Tools\MSVC\14.44.35207\include\xutility(463,90): warning C4244:         with
C:\Program Files\Microsoft Visual Studio\2022\Community\VC\Tools\MSVC\14.44.35207\include\xutility(463,90): warning C4244:         [
C:\Program Files\Microsoft Visual Studio\2022\Community\VC\Tools\MSVC\14.44.35207\include\xutility(463,90): warning C4244:             _Ty=double
C:\Program Files\Microsoft Visual Studio\2022\Community\VC\Tools\MSVC\14.44.35207\include\xutility(463,90): warning C4244:         ]
  (compiling source file 'Game.cpp')
  
  GameEntity.cpp
  Main.cpp
  Mesh.cpp
  Generating Code...
  D3D11Starter.vcxproj -> C:\Users\vaibh\Documents\git\ggp-hws\Camera\x64\Debug\D3D11Starter.exe
