  compilation object save succeeded; see C:\Users\vaibh\Documents\git\ggp-hws\Lights\x64\Debug\CombineShader.cso
  compilation object save succeeded; see C:\Users\vaibh\Documents\git\ggp-hws\Lights\x64\Debug\CustomPS.cso
  compilation object save succeeded; see C:\Users\vaibh\Documents\git\ggp-hws\Lights\x64\Debug\DebugNormalsPS.cso
  compilation object save succeeded; see C:\Users\vaibh\Documents\git\ggp-hws\Lights\x64\Debug\DebugUVPS.cso
  compilation object save succeeded; see C:\Users\vaibh\Documents\git\ggp-hws\Lights\x64\Debug\PixelShader.cso
  compilation object save succeeded; see C:\Users\vaibh\Documents\git\ggp-hws\Lights\x64\Debug\VertexShader.cso
  Camera.cpp
  Game.cpp
  GameEntity.cpp
  Graphics.cpp
  imgui.cpp
  imgui_demo.cpp
  imgui_draw.cpp
  imgui_impl_dx11.cpp
  imgui_impl_win32.cpp
  imgui_tables.cpp
  imgui_widgets.cpp
  Input.cpp
  Main.cpp
  Material.cpp
  Mesh.cpp
  PathHelpers.cpp
  Shader.cpp
  Transform.cpp
  Window.cpp
  Generating Code...
     Creating library C:\Users\vaibh\Documents\git\ggp-hws\Lights\x64\Debug\D3D11Starter.lib and object C:\Users\vaibh\Documents\git\ggp-hws\Lights\x64\Debug\D3D11Starter.exp
  D3D11Starter.vcxproj -> C:\Users\vaibh\Documents\git\ggp-hws\Lights\x64\Debug\D3D11Starter.exe
