c:\users\vaibh\documents\git\game-graphics-programming\d3d11starter\d3d11starter\x64\debug\vc143.pdb
c:\users\vaibh\documents\git\game-graphics-programming\d3d11starter\d3d11starter\x64\debug\vc143.idb
c:\users\vaibh\documents\git\ggp-hws\imgui\d3d11starter\x64\debug\vc143.pdb
c:\users\vaibh\documents\git\ggp-hws\imgui\d3d11starter\x64\debug\vc143.idb
c:\users\vaibh\documents\git\ggp-hws\imgui\d3d11starter\x64\debug\window.obj
c:\users\vaibh\documents\git\ggp-hws\imgui\d3d11starter\x64\debug\pathhelpers.obj
c:\users\vaibh\documents\git\ggp-hws\imgui\d3d11starter\x64\debug\main.obj
c:\users\vaibh\documents\git\ggp-hws\imgui\d3d11starter\x64\debug\input.obj
c:\users\vaibh\documents\git\ggp-hws\imgui\d3d11starter\x64\debug\graphics.obj
c:\users\vaibh\documents\git\ggp-hws\imgui\d3d11starter\x64\debug\game.obj
c:\users\vaibh\documents\git\ggp-hws\imgui\d3d11starter\x64\debug\imgui_widgets.obj
c:\users\vaibh\documents\git\ggp-hws\imgui\d3d11starter\x64\debug\imgui_tables.obj
c:\users\vaibh\documents\git\ggp-hws\imgui\d3d11starter\x64\debug\imgui_impl_win32.obj
c:\users\vaibh\documents\git\ggp-hws\imgui\d3d11starter\x64\debug\imgui_impl_dx11.obj
c:\users\vaibh\documents\git\ggp-hws\imgui\d3d11starter\x64\debug\imgui_draw.obj
c:\users\vaibh\documents\git\ggp-hws\imgui\d3d11starter\x64\debug\imgui_demo.obj
c:\users\vaibh\documents\git\ggp-hws\imgui\d3d11starter\x64\debug\imgui.obj
c:\users\vaibh\documents\git\ggp-hws\imgui\x64\debug\pixelshader.cso
c:\users\vaibh\documents\git\ggp-hws\imgui\x64\debug\vertexshader.cso
c:\users\vaibh\documents\git\ggp-hws\imgui\x64\debug\d3d11starter.exe
c:\users\vaibh\documents\git\ggp-hws\imgui\x64\debug\d3d11starter.pdb
c:\users\vaibh\documents\git\ggp-hws\imgui\x64\debug\d3d11starter.lib
c:\users\vaibh\documents\git\ggp-hws\imgui\x64\debug\d3d11starter.exp
c:\users\vaibh\documents\git\ggp-hws\imgui\d3d11starter\x64\debug\d3d11starter.ilk
c:\users\vaibh\documents\git\ggp-hws\imgui\d3d11starter\x64\debug\d3d11starter.tlog\cl.command.1.tlog
c:\users\vaibh\documents\git\ggp-hws\imgui\d3d11starter\x64\debug\d3d11starter.tlog\cl.items.tlog
c:\users\vaibh\documents\git\ggp-hws\imgui\d3d11starter\x64\debug\d3d11starter.tlog\cl.read.1.tlog
c:\users\vaibh\documents\git\ggp-hws\imgui\d3d11starter\x64\debug\d3d11starter.tlog\cl.write.1.tlog
c:\users\vaibh\documents\git\ggp-hws\imgui\d3d11starter\x64\debug\d3d11starter.tlog\fxc.command.1.tlog
c:\users\vaibh\documents\git\ggp-hws\imgui\d3d11starter\x64\debug\d3d11starter.tlog\fxc.read.1.tlog
c:\users\vaibh\documents\git\ggp-hws\imgui\d3d11starter\x64\debug\d3d11starter.tlog\fxc.write.1.tlog
c:\users\vaibh\documents\git\ggp-hws\imgui\d3d11starter\x64\debug\d3d11starter.tlog\link.command.1.tlog
c:\users\vaibh\documents\git\ggp-hws\imgui\d3d11starter\x64\debug\d3d11starter.tlog\link.read.1.tlog
c:\users\vaibh\documents\git\ggp-hws\imgui\d3d11starter\x64\debug\d3d11starter.tlog\link.secondary.1.tlog
c:\users\vaibh\documents\git\ggp-hws\imgui\d3d11starter\x64\debug\d3d11starter.tlog\link.write.1.tlog
