  compilation object save succeeded; see C:\Users\vaibh\Documents\git\ggp-hws\A5\MoveThings\x64\Debug\PixelShader.cso
  compilation object save succeeded; see C:\Users\vaibh\Documents\git\ggp-hws\A5\MoveThings\x64\Debug\VertexShader.cso
  Game.cpp
C:\Users\vaibh\Documents\git\ggp-hws\A5\MoveThings\Game.cpp(292,35): warning C4267: 'initializing': conversion from 'size_t' to 'int', possible loss of data
C:\Users\vaibh\Documents\git\ggp-hws\A5\MoveThings\Game.cpp(292,22): warning C4267: 'initializing': conversion from 'size_t' to 'const int', possible loss of data
C:\Users\vaibh\Documents\git\ggp-hws\A5\MoveThings\Game.cpp(451,22): warning C4244: 'argument': conversion from 'double' to 'float', possible loss of data
  GameEntity.cpp
  Graphics.cpp
  imgui.cpp
  imgui_demo.cpp
  imgui_draw.cpp
  imgui_impl_dx11.cpp
  imgui_impl_win32.cpp
  imgui_tables.cpp
  imgui_widgets.cpp
  Input.cpp
  Main.cpp
  Mesh.cpp
  PathHelpers.cpp
  Transform.cpp
  Window.cpp
  Generating Code...
     Creating library C:\Users\vaibh\Documents\git\ggp-hws\A5\MoveThings\x64\Debug\D3D11Starter.lib and object C:\Users\vaibh\Documents\git\ggp-hws\A5\MoveThings\x64\Debug\D3D11Starter.exp
  D3D11Starter.vcxproj -> C:\Users\vaibh\Documents\git\ggp-hws\A5\MoveThings\x64\Debug\D3D11Starter.exe
